<?xml version="1.0" encoding="UTF-8"?>
<!-- Generated by org.testng.reporters.JUnitXMLReporter -->
<testsuite hostname="P0154438" ignored="0" name="Surefire test" tests="6" failures="0" timestamp="2021-02-03T16:05:54 IST" time="0.047" errors="0">
  <testcase name="test5 on test5(qaclick.Mavenjava.RestassuredTest)" time="0.016" classname="qaclick.Mavenjava.RestassuredTest"/>
  <testcase name="test6 on test6(qaclick.Mavenjava.RestassuredTest)" time="0.016" classname="qaclick.Mavenjava.RestassuredTest"/>
  <testcase name="test1 on test1(qaclick.Mavenjava.SeleniumTest)" time="0.0" classname="qaclick.Mavenjava.SeleniumTest"/>
  <testcase name="test2 on test2(qaclick.Mavenjava.SeleniumTest)" time="0.0" classname="qaclick.Mavenjava.SeleniumTest"/>
  <testcase name="test3 on test3(qaclick.Mavenjava.TestngTest)" time="0.0" classname="qaclick.Mavenjava.TestngTest"/>
  <testcase name="test4 on test4(qaclick.Mavenjava.TestngTest)" time="0.0" classname="qaclick.Mavenjava.TestngTest"/>
</testsuite> <!-- Surefire test -->
