<?xml version="1.0" encoding="UTF-8"?>
<testng-results skipped="0" failed="0" ignored="0" total="2" passed="2">
  <reporter-output>
  </reporter-output>
  <suite name="Default suite" duration-ms="49" started-at="2021-01-26T10:44:41 IST" finished-at="2021-01-26T10:44:41 IST">
    <groups>
    </groups>
    <test name="Default test" duration-ms="49" started-at="2021-01-26T10:44:41 IST" finished-at="2021-01-26T10:44:41 IST">
      <class name="testNG.Demo1">
        <test-method status="PASS" signature="First_test()[pri:0, instance:testNG.Demo1@1c3a4799]" name="First_test" duration-ms="20" started-at="2021-01-26T10:44:41 IST" finished-at="2021-01-26T10:44:41 IST">
          <reporter-output>
          </reporter-output>
        </test-method> <!-- First_test -->
        <test-method status="PASS" signature="Second_test()[pri:0, instance:testNG.Demo1@1c3a4799]" name="Second_test" duration-ms="1" started-at="2021-01-26T10:44:41 IST" finished-at="2021-01-26T10:44:41 IST">
          <reporter-output>
          </reporter-output>
        </test-method> <!-- Second_test -->
      </class> <!-- testNG.Demo1 -->
    </test> <!-- Default test -->
  </suite> <!-- Default suite -->
</testng-results>
